<?xml version="1.0" encoding="UTF-8"?>
<!-- Generated by org.testng.reporters.JUnitReportReporter -->
<testsuite skipped="0" hostname="LTAMS1351" name="pages.featuresRunner.TestSuite" tests="1" failures="0" timestamp="2019-11-13T10:24:46 CET" time="116.744" errors="0">
  <testcase name="feature" time="116.744" classname="pages.featuresRunner.TestSuite"/>
</testsuite> <!-- pages.featuresRunner.TestSuite -->
